<?xml version="1.0" encoding="UTF-8" ?>
<testsuites>
  <testsuite errors="2" failures="6" hostname="quleideMacBook-Pro.local" id="0" name="getAppinfoTest" package="ErrorMsg" skipped="0" tests="19" time="5.237" timestamp="2017-07-06T09:41:04">
      <properties>
[...]
</properties>

      <testcase classname="ErrorMsg.getAppinfoTest" name="VerifyResponse[0]" time="2.478" />

      <testcase classname="ErrorMsg.getAppinfoTest" name="VerifyResponse[1]" time="0.196" />

      <testcase classname="ErrorMsg.getAppinfoTest" name="VerifyResponse[2]" time="0.162" />

      <testcase classname="ErrorMsg.getAppinfoTest" name="VerifyResponse[3]" time="0.165" />

      <testcase classname="ErrorMsg.getAppinfoTest" name="VerifyResponse[4]" time="0.183" />

      <testcase classname="ErrorMsg.getAppinfoTest" name="VerifyResponse[5]" time="0.195">
          <failure message="&#xa;Expected: &lt;1002&gt;&#xa;     but: was &lt;0&gt;" type="junit.framework.AssertionFailedError">junit.framework.AssertionFailedError: 
Expected: &lt;1002&gt;
     but: was &lt;0&gt;
	at org.hamcrest.MatcherAssert.assertThat(MatcherAssert.java:20)
	at ErrorMsg.getAppinfoTest.VerifyResponse(Unknown Source)
</failure>

      </testcase>

      <testcase classname="ErrorMsg.getAppinfoTest" name="VerifyResponse[6]" time="0.164">
          <failure message="&#xa;Expected: &lt;1002&gt;&#xa;     but: was &lt;0&gt;" type="junit.framework.AssertionFailedError">junit.framework.AssertionFailedError: 
Expected: &lt;1002&gt;
     but: was &lt;0&gt;
	at org.hamcrest.MatcherAssert.assertThat(MatcherAssert.java:20)
	at ErrorMsg.getAppinfoTest.VerifyResponse(Unknown Source)
</failure>

      </testcase>

      <testcase classname="ErrorMsg.getAppinfoTest" name="VerifyResponse[7]" time="0.164" />

      <testcase classname="ErrorMsg.getAppinfoTest" name="VerifyResponse[8]" time="0.158" />

      <testcase classname="ErrorMsg.getAppinfoTest" name="VerifyResponse[9]" time="0.162" />

      <testcase classname="ErrorMsg.getAppinfoTest" name="VerifyResponse[10]" time="0.012">
          <error message="Illegal parameters passed to REST Assured. Parameters was: [tenantname=DrPeng-Dev, , startdate=2017-06-21T10:00:00Z, enddate=2017-06-27T10:00:00Z]" type="java.lang.IllegalArgumentException">java.lang.IllegalArgumentException: Illegal parameters passed to REST Assured. Parameters was: [tenantname=DrPeng-Dev, , startdate=2017-06-21T10:00:00Z, enddate=2017-06-27T10:00:00Z]
	at java.lang.reflect.Constructor.newInstance(Constructor.java:423)
	at org.codehaus.groovy.reflection.CachedConstructor.invoke(CachedConstructor.java:83)
	at org.codehaus.groovy.reflection.CachedConstructor.doConstructorInvoke(CachedConstructor.java:77)
	at org.codehaus.groovy.runtime.callsite.ConstructorSite$ConstructorSiteNoUnwrap.callConstructor(ConstructorSite.java:84)
	at org.codehaus.groovy.runtime.callsite.CallSiteArray.defaultCallConstructor(CallSiteArray.java:60)
	at org.codehaus.groovy.runtime.callsite.AbstractCallSite.callConstructor(AbstractCallSite.java:235)
	at org.codehaus.groovy.runtime.callsite.AbstractCallSite.callConstructor(AbstractCallSite.java:247)
	at io.restassured.internal.RequestSpecificationImpl$_extractRequestParamsIfNeeded_closure28.doCall(RequestSpecificationImpl.groovy:1563)
	at org.codehaus.groovy.reflection.CachedMethod.invoke(CachedMethod.java:93)
	at groovy.lang.MetaMethod.doMethodInvoke(MetaMethod.java:325)
	at org.codehaus.groovy.runtime.metaclass.ClosureMetaClass.invokeMethod(ClosureMetaClass.java:294)
	at groovy.lang.MetaClassImpl.invokeMethod(MetaClassImpl.java:1027)
	at groovy.lang.Closure.call(Closure.java:414)
	at groovy.lang.Closure.call(Closure.java:430)
	at org.codehaus.groovy.runtime.DefaultGroovyMethods.each(DefaultGroovyMethods.java:2030)
	at org.codehaus.groovy.runtime.DefaultGroovyMethods.each(DefaultGroovyMethods.java:1890)
	at org.codehaus.groovy.runtime.dgm$159.invoke(Unknown Source)
	at org.codehaus.groovy.runtime.callsite.PojoMetaMethodSite$PojoMetaMethodSiteNoUnwrapNoCoerce.invoke(PojoMetaMethodSite.java:274)
	at org.codehaus.groovy.runtime.callsite.PojoMetaMethodSite.call(PojoMetaMethodSite.java:56)
	at org.codehaus.groovy.runtime.callsite.AbstractCallSite.call(AbstractCallSite.java:125)
	at io.restassured.internal.RequestSpecificationImpl.extractRequestParamsIfNeeded(RequestSpecificationImpl.groovy:1558)
	at org.codehaus.groovy.reflection.CachedMethod.invoke(CachedMethod.java:93)
	at groovy.lang.MetaMethod.doMethodInvoke(MetaMethod.java:325)
	at groovy.lang.MetaClassImpl.invokeMethod(MetaClassImpl.java:1218)
	at groovy.lang.MetaClassImpl.invokeMethod(MetaClassImpl.java:1027)
	at groovy.lang.MetaClassImpl.invokeMethod(MetaClassImpl.java:815)
	at io.restassured.internal.RequestSpecificationImpl.invokeMethod(RequestSpecificationImpl.groovy)
	at org.codehaus.groovy.runtime.callsite.PogoInterceptableSite.call(PogoInterceptableSite.java:48)
	at org.codehaus.groovy.runtime.callsite.PogoInterceptableSite.callCurrent(PogoInterceptableSite.java:58)
	at org.codehaus.groovy.runtime.callsite.AbstractCallSite.callCurrent(AbstractCallSite.java:166)
	at io.restassured.internal.RequestSpecificationImpl.sendRequest(RequestSpecificationImpl.groovy:1218)
	at org.codehaus.groovy.reflection.CachedMethod.invoke(CachedMethod.java:93)
	at groovy.lang.MetaMethod.doMethodInvoke(MetaMethod.java:325)
	at groovy.lang.MetaClassImpl.invokeMethod(MetaClassImpl.java:1218)
	at groovy.lang.MetaClassImpl.invokeMethod(MetaClassImpl.java:1027)
	at groovy.lang.MetaClassImpl.invokeMethod(MetaClassImpl.java:815)
	at io.restassured.internal.RequestSpecificationImpl.invokeMethod(RequestSpecificationImpl.groovy)
	at org.codehaus.groovy.runtime.callsite.PogoInterceptableSite.call(PogoInterceptableSite.java:48)
	at org.codehaus.groovy.runtime.callsite.AbstractCallSite.call(AbstractCallSite.java:149)
	at io.restassured.internal.filter.SendRequestFilter.filter(SendRequestFilter.groovy:30)
	at io.restassured.filter.Filter$filter$0.call(Unknown Source)
	at org.codehaus.groovy.runtime.callsite.CallSiteArray.defaultCall(CallSiteArray.java:48)
	at io.restassured.filter.Filter$filter.call(Unknown Source)
	at io.restassured.internal.filter.FilterContextImpl.next(FilterContextImpl.groovy:72)
	at io.restassured.filter.time.TimingFilter.filter(TimingFilter.java:56)
	at io.restassured.filter.Filter$filter.call(Unknown Source)
	at org.codehaus.groovy.runtime.callsite.CallSiteArray.defaultCall(CallSiteArray.java:48)
	at io.restassured.filter.Filter$filter$0.call(Unknown Source)
	at io.restassured.internal.filter.FilterContextImpl.next(FilterContextImpl.groovy:72)
	at io.restassured.filter.FilterContext$next.call(Unknown Source)
	at io.restassured.internal.RequestSpecificationImpl.applyPathParamsAndSendRequest(RequestSpecificationImpl.groovy:1725)
	at org.codehaus.groovy.reflection.CachedMethod.invoke(CachedMethod.java:93)
	at groovy.lang.MetaMethod.doMethodInvoke(MetaMethod.java:325)
	at groovy.lang.MetaClassImpl.invokeMethod(MetaClassImpl.java:1218)
	at groovy.lang.MetaClassImpl.invokeMethod(MetaClassImpl.java:1027)
	at groovy.lang.MetaClassImpl.invokeMethod(MetaClassImpl.java:815)
	at io.restassured.internal.RequestSpecificationImpl.invokeMethod(RequestSpecificationImpl.groovy)
	at org.codehaus.groovy.runtime.callsite.PogoInterceptableSite.call(PogoInterceptableSite.java:48)
	at org.codehaus.groovy.runtime.callsite.PogoInterceptableSite.callCurrent(PogoInterceptableSite.java:58)
	at org.codehaus.groovy.runtime.callsite.AbstractCallSite.callCurrent(AbstractCallSite.java:182)
	at io.restassured.internal.RequestSpecificationImpl.applyPathParamsAndSendRequest(RequestSpecificationImpl.groovy:1731)
	at org.codehaus.groovy.reflection.CachedMethod.invoke(CachedMethod.java:93)
	at groovy.lang.MetaMethod.doMethodInvoke(MetaMethod.java:325)
	at groovy.lang.MetaClassImpl.invokeMethod(MetaClassImpl.java:1218)
	at groovy.lang.MetaClassImpl.invokeMethod(MetaClassImpl.java:1027)
	at groovy.lang.MetaClassImpl.invokeMethod(MetaClassImpl.java:815)
	at io.restassured.internal.RequestSpecificationImpl.invokeMethod(RequestSpecificationImpl.groovy)
	at org.codehaus.groovy.runtime.callsite.PogoInterceptableSite.call(PogoInterceptableSite.java:48)
	at org.codehaus.groovy.runtime.callsite.PogoInterceptableSite.callCurrent(PogoInterceptableSite.java:58)
	at org.codehaus.groovy.runtime.callsite.AbstractCallSite.callCurrent(AbstractCallSite.java:182)
	at io.restassured.internal.RequestSpecificationImpl.get(RequestSpecificationImpl.groovy:168)
	at io.restassured.internal.RequestSpecificationImpl.get(RequestSpecificationImpl.groovy)
	at ErrorMsg.getAppinfoTest.VerifyResponse(Unknown Source)
</error>

      </testcase>

      <testcase classname="ErrorMsg.getAppinfoTest" name="VerifyResponse[11]" time="0.178">
          <failure message="&#xa;Expected: &lt;1006&gt;&#xa;     but: was &lt;0&gt;" type="junit.framework.AssertionFailedError">junit.framework.AssertionFailedError: 
Expected: &lt;1006&gt;
     but: was &lt;0&gt;
	at org.hamcrest.MatcherAssert.assertThat(MatcherAssert.java:20)
	at ErrorMsg.getAppinfoTest.VerifyResponse(Unknown Source)
</failure>

      </testcase>

      <testcase classname="ErrorMsg.getAppinfoTest" name="VerifyResponse[12]" time="0.158">
          <failure message="&#xa;Expected: &lt;1006&gt;&#xa;     but: was &lt;0&gt;" type="junit.framework.AssertionFailedError">junit.framework.AssertionFailedError: 
Expected: &lt;1006&gt;
     but: was &lt;0&gt;
	at org.hamcrest.MatcherAssert.assertThat(MatcherAssert.java:20)
	at ErrorMsg.getAppinfoTest.VerifyResponse(Unknown Source)
</failure>

      </testcase>

      <testcase classname="ErrorMsg.getAppinfoTest" name="VerifyResponse[13]" time="0.165" />

      <testcase classname="ErrorMsg.getAppinfoTest" name="VerifyResponse[14]" time="0.004">
          <error message="Illegal parameters passed to REST Assured. Parameters was: [tenantname=DrPeng-Dev, device=Branch1-WH-DEV, , enddate=2017-06-27T10:00:00Z]" type="java.lang.IllegalArgumentException">java.lang.IllegalArgumentException: Illegal parameters passed to REST Assured. Parameters was: [tenantname=DrPeng-Dev, device=Branch1-WH-DEV, , enddate=2017-06-27T10:00:00Z]
	at java.lang.reflect.Constructor.newInstance(Constructor.java:423)
	at org.codehaus.groovy.reflection.CachedConstructor.invoke(CachedConstructor.java:83)
	at org.codehaus.groovy.reflection.CachedConstructor.doConstructorInvoke(CachedConstructor.java:77)
	at org.codehaus.groovy.runtime.callsite.ConstructorSite$ConstructorSiteNoUnwrap.callConstructor(ConstructorSite.java:84)
	at org.codehaus.groovy.runtime.callsite.AbstractCallSite.callConstructor(AbstractCallSite.java:247)
	at io.restassured.internal.RequestSpecificationImpl$_extractRequestParamsIfNeeded_closure28.doCall(RequestSpecificationImpl.groovy:1563)
	at org.codehaus.groovy.reflection.CachedMethod.invoke(CachedMethod.java:93)
	at groovy.lang.MetaMethod.doMethodInvoke(MetaMethod.java:325)
	at org.codehaus.groovy.runtime.metaclass.ClosureMetaClass.invokeMethod(ClosureMetaClass.java:294)
	at groovy.lang.MetaClassImpl.invokeMethod(MetaClassImpl.java:1027)
	at groovy.lang.Closure.call(Closure.java:414)
	at groovy.lang.Closure.call(Closure.java:430)
	at org.codehaus.groovy.runtime.DefaultGroovyMethods.each(DefaultGroovyMethods.java:2030)
	at org.codehaus.groovy.runtime.DefaultGroovyMethods.each(DefaultGroovyMethods.java:1890)
	at org.codehaus.groovy.runtime.dgm$159.invoke(Unknown Source)
	at org.codehaus.groovy.runtime.callsite.PojoMetaMethodSite$PojoMetaMethodSiteNoUnwrapNoCoerce.invoke(PojoMetaMethodSite.java:274)
	at org.codehaus.groovy.runtime.callsite.PojoMetaMethodSite.call(PojoMetaMethodSite.java:56)
	at org.codehaus.groovy.runtime.callsite.AbstractCallSite.call(AbstractCallSite.java:125)
	at io.restassured.internal.RequestSpecificationImpl.extractRequestParamsIfNeeded(RequestSpecificationImpl.groovy:1558)
	at org.codehaus.groovy.reflection.CachedMethod.invoke(CachedMethod.java:93)
	at groovy.lang.MetaMethod.doMethodInvoke(MetaMethod.java:325)
	at groovy.lang.MetaClassImpl.invokeMethod(MetaClassImpl.java:1218)
	at groovy.lang.MetaClassImpl.invokeMethod(MetaClassImpl.java:1027)
	at groovy.lang.MetaClassImpl.invokeMethod(MetaClassImpl.java:815)
	at io.restassured.internal.RequestSpecificationImpl.invokeMethod(RequestSpecificationImpl.groovy)
	at org.codehaus.groovy.runtime.callsite.PogoInterceptableSite.call(PogoInterceptableSite.java:48)
	at org.codehaus.groovy.runtime.callsite.PogoInterceptableSite.callCurrent(PogoInterceptableSite.java:58)
	at org.codehaus.groovy.runtime.callsite.AbstractCallSite.callCurrent(AbstractCallSite.java:166)
	at io.restassured.internal.RequestSpecificationImpl.sendRequest(RequestSpecificationImpl.groovy:1218)
	at org.codehaus.groovy.reflection.CachedMethod.invoke(CachedMethod.java:93)
	at groovy.lang.MetaMethod.doMethodInvoke(MetaMethod.java:325)
	at groovy.lang.MetaClassImpl.invokeMethod(MetaClassImpl.java:1218)
	at groovy.lang.MetaClassImpl.invokeMethod(MetaClassImpl.java:1027)
	at groovy.lang.MetaClassImpl.invokeMethod(MetaClassImpl.java:815)
	at io.restassured.internal.RequestSpecificationImpl.invokeMethod(RequestSpecificationImpl.groovy)
	at org.codehaus.groovy.runtime.callsite.PogoInterceptableSite.call(PogoInterceptableSite.java:48)
	at org.codehaus.groovy.runtime.callsite.AbstractCallSite.call(AbstractCallSite.java:149)
	at io.restassured.internal.filter.SendRequestFilter.filter(SendRequestFilter.groovy:30)
	at io.restassured.filter.Filter$filter$0.call(Unknown Source)
	at org.codehaus.groovy.runtime.callsite.CallSiteArray.defaultCall(CallSiteArray.java:48)
	at io.restassured.filter.Filter$filter.call(Unknown Source)
	at io.restassured.internal.filter.FilterContextImpl.next(FilterContextImpl.groovy:72)
	at io.restassured.filter.time.TimingFilter.filter(TimingFilter.java:56)
	at io.restassured.filter.Filter$filter.call(Unknown Source)
	at org.codehaus.groovy.runtime.callsite.CallSiteArray.defaultCall(CallSiteArray.java:48)
	at io.restassured.filter.Filter$filter$0.call(Unknown Source)
	at io.restassured.internal.filter.FilterContextImpl.next(FilterContextImpl.groovy:72)
	at io.restassured.filter.FilterContext$next.call(Unknown Source)
	at io.restassured.internal.RequestSpecificationImpl.applyPathParamsAndSendRequest(RequestSpecificationImpl.groovy:1725)
	at org.codehaus.groovy.reflection.CachedMethod.invoke(CachedMethod.java:93)
	at groovy.lang.MetaMethod.doMethodInvoke(MetaMethod.java:325)
	at groovy.lang.MetaClassImpl.invokeMethod(MetaClassImpl.java:1218)
	at groovy.lang.MetaClassImpl.invokeMethod(MetaClassImpl.java:1027)
	at groovy.lang.MetaClassImpl.invokeMethod(MetaClassImpl.java:815)
	at io.restassured.internal.RequestSpecificationImpl.invokeMethod(RequestSpecificationImpl.groovy)
	at org.codehaus.groovy.runtime.callsite.PogoInterceptableSite.call(PogoInterceptableSite.java:48)
	at org.codehaus.groovy.runtime.callsite.PogoInterceptableSite.callCurrent(PogoInterceptableSite.java:58)
	at org.codehaus.groovy.runtime.callsite.AbstractCallSite.callCurrent(AbstractCallSite.java:182)
	at io.restassured.internal.RequestSpecificationImpl.applyPathParamsAndSendRequest(RequestSpecificationImpl.groovy:1731)
	at org.codehaus.groovy.reflection.CachedMethod.invoke(CachedMethod.java:93)
	at groovy.lang.MetaMethod.doMethodInvoke(MetaMethod.java:325)
	at groovy.lang.MetaClassImpl.invokeMethod(MetaClassImpl.java:1218)
	at groovy.lang.MetaClassImpl.invokeMethod(MetaClassImpl.java:1027)
	at groovy.lang.MetaClassImpl.invokeMethod(MetaClassImpl.java:815)
	at io.restassured.internal.RequestSpecificationImpl.invokeMethod(RequestSpecificationImpl.groovy)
	at org.codehaus.groovy.runtime.callsite.PogoInterceptableSite.call(PogoInterceptableSite.java:48)
	at org.codehaus.groovy.runtime.callsite.PogoInterceptableSite.callCurrent(PogoInterceptableSite.java:58)
	at org.codehaus.groovy.runtime.callsite.AbstractCallSite.callCurrent(AbstractCallSite.java:182)
	at io.restassured.internal.RequestSpecificationImpl.get(RequestSpecificationImpl.groovy:168)
	at io.restassured.internal.RequestSpecificationImpl.get(RequestSpecificationImpl.groovy)
	at ErrorMsg.getAppinfoTest.VerifyResponse(Unknown Source)
</error>

      </testcase>

      <testcase classname="ErrorMsg.getAppinfoTest" name="VerifyResponse[15]" time="0.173">
          <failure message="&#xa;Expected: &lt;1006&gt;&#xa;     but: was &lt;0&gt;" type="junit.framework.AssertionFailedError">junit.framework.AssertionFailedError: 
Expected: &lt;1006&gt;
     but: was &lt;0&gt;
	at org.hamcrest.MatcherAssert.assertThat(MatcherAssert.java:20)
	at ErrorMsg.getAppinfoTest.VerifyResponse(Unknown Source)
</failure>

      </testcase>

      <testcase classname="ErrorMsg.getAppinfoTest" name="VerifyResponse[16]" time="0.158">
          <failure message="&#xa;Expected: &lt;1006&gt;&#xa;     but: was &lt;0&gt;" type="junit.framework.AssertionFailedError">junit.framework.AssertionFailedError: 
Expected: &lt;1006&gt;
     but: was &lt;0&gt;
	at org.hamcrest.MatcherAssert.assertThat(MatcherAssert.java:20)
	at ErrorMsg.getAppinfoTest.VerifyResponse(Unknown Source)
</failure>

      </testcase>

      <testcase classname="ErrorMsg.getAppinfoTest" name="VerifyResponse[17]" time="0.167" />

      <testcase classname="ErrorMsg.getAppinfoTest" name="VerifyResponse[18]" time="0.164" />

      <system-out><![CDATA[0行0 列 is String type
0行1 列 is String type
0行2 列 is String type
0行3 列 is String type
0行4 列 is String type
0行5 列 is String type
0行6 列 is String type
0行7 列 is String type
0行8 列 is String type
0行9 列 is String type
1行0 列 is Number type ; DateFormt:0.00
1行1 列 is String type
1行2 列 is String type
1行3 列 is String type
1行4 列 is String type
1行5 列 is String type
1行7 列 is Number type ; DateFormt:200.00
1行8 列 is Number type ; DateFormt:0.00
1行9 列 is String type
2行0 列 is Number type ; DateFormt:1.00
2行1 列 is String type
2行2 列 is String type
2行3 列 is String type
2行4 列 is String type
2行5 列 is String type
2行6 列 is String type
2行7 列 is Number type ; DateFormt:200.00
2行8 列 is Number type ; DateFormt:1001.00
2行9 列 is String type
3行0 列 is Number type ; DateFormt:2.00
3行1 列 is String type
3行2 列 is String type
3行3 列 is String type
3行4 列 is String type
3行5 列 is String type
3行6 列 is String type
3行7 列 is Number type ; DateFormt:200.00
3行8 列 is Number type ; DateFormt:1001.00
3行9 列 is String type
4行0 列 is Number type ; DateFormt:3.00
4行1 列 is String type
4行2 列 is String type
4行3 列 is String type
4行4 列 is String type
4行5 列 is String type
4行7 列 is Number type ; DateFormt:200.00
4行8 列 is Number type ; DateFormt:1001.00
4行9 列 is String type
5行0 列 is Number type ; DateFormt:4.00
5行1 列 is String type
5行2 列 is String type
5行3 列 is String type
5行4 列 is String type
5行5 列 is String type
5行7 列 is Number type ; DateFormt:200.00
5行8 列 is Number type ; DateFormt:1002.00
5行9 列 is String type
6行0 列 is Number type ; DateFormt:5.00
6行1 列 is String type
6行2 列 is String type
6行3 列 is String type
6行4 列 is String type
6行5 列 is String type
6行7 列 is Number type ; DateFormt:200.00
6行8 列 is Number type ; DateFormt:1002.00
6行9 列 is String type
7行0 列 is Number type ; DateFormt:6.00
7行1 列 is String type
7行2 列 is String type
7行3 列 is String type
7行4 列 is String type
7行5 列 is String type
7行7 列 is Number type ; DateFormt:200.00
7行8 列 is Number type ; DateFormt:1002.00
7行9 列 is String type
8行0 列 is Number type ; DateFormt:7.00
8行1 列 is String type
8行2 列 is String type
8行3 列 is String type
8行4 列 is String type
8行5 列 is String type
8行7 列 is Number type ; DateFormt:200.00
8行8 列 is Number type ; DateFormt:1004.00
8行9 列 is String type
9行0 列 is Number type ; DateFormt:8.00
9行1 列 is String type
9行2 列 is String type
9行3 列 is String type
9行4 列 is String type
9行5 列 is String type
9行7 列 is Number type ; DateFormt:200.00
9行8 列 is Number type ; DateFormt:1004.00
9行9 列 is String type
10行0 列 is Number type ; DateFormt:9.00
10行1 列 is String type
10行2 列 is String type
10行3 列 is String type
10行4 列 is String type
10行5 列 is String type
10行7 列 is Number type ; DateFormt:200.00
10行8 列 is Number type ; DateFormt:1005.00
10行9 列 is String type
11行0 列 is Number type ; DateFormt:10.00
11行1 列 is String type
11行2 列 is String type
11行3 列 is String type
11行4 列 is String type
11行5 列 is String type
11行7 列 is Number type ; DateFormt:200.00
11行8 列 is Number type ; DateFormt:1005.00
11行9 列 is String type
12行0 列 is Number type ; DateFormt:11.00
12行1 列 is String type
12行2 列 is String type
12行3 列 is String type
12行4 列 is String type
12行5 列 is String type
12行7 列 is Number type ; DateFormt:200.00
12行8 列 is Number type ; DateFormt:1006.00
12行9 列 is String type
13行0 列 is Number type ; DateFormt:12.00
13行1 列 is String type
13行2 列 is String type
13行3 列 is String type
13行4 列 is String type
13行5 列 is String type
13行7 列 is Number type ; DateFormt:200.00
13行8 列 is Number type ; DateFormt:1006.00
13行9 列 is String type
14行0 列 is Number type ; DateFormt:13.00
14行1 列 is String type
14行2 列 is String type
14行3 列 is String type
14行4 列 is String type
14行5 列 is String type
14行7 列 is Number type ; DateFormt:200.00
14行8 列 is Number type ; DateFormt:1006.00
14行9 列 is String type
15行0 列 is Number type ; DateFormt:14.00
15行1 列 is String type
15行2 列 is String type
15行3 列 is String type
15行4 列 is String type
15行5 列 is String type
15行7 列 is Number type ; DateFormt:200.00
15行8 列 is Number type ; DateFormt:1006.00
15行9 列 is String type
16行0 列 is Number type ; DateFormt:15.00
16行1 列 is String type
16行2 列 is String type
16行3 列 is String type
16行4 列 is String type
16行5 列 is String type
16行7 列 is Number type ; DateFormt:200.00
16行8 列 is Number type ; DateFormt:1006.00
16行9 列 is String type
17行0 列 is Number type ; DateFormt:16.00
17行1 列 is String type
17行2 列 is String type
17行3 列 is String type
17行4 列 is String type
17行5 列 is String type
17行7 列 is Number type ; DateFormt:200.00
17行8 列 is Number type ; DateFormt:1006.00
17行9 列 is String type
18行0 列 is Number type ; DateFormt:17.00
18行1 列 is String type
18行2 列 is String type
18行3 列 is String type
18行4 列 is String type
18行5 列 is String type
18行7 列 is Number type ; DateFormt:200.00
18行8 列 is Number type ; DateFormt:1006.00
18行9 列 is String type
19行0 列 is Number type ; DateFormt:18.00
19行1 列 is String type
19行2 列 is String type
19行3 列 is String type
19行4 列 is String type
19行5 列 is String type
19行7 列 is Number type ; DateFormt:200.00
19行8 列 is Number type ; DateFormt:1006.00
19行9 列 is String type
]]></system-out>

      <system-err><![CDATA[ERROR StatusLogger No log4j2 configuration file found. Using default configuration: logging only errors to the console. Set system property 'org.apache.logging.log4j.simplelog.StatusLogger.level' to TRACE to show Log4j2 internal initialization logging.
]]></system-err>

  </testsuite>
  <testsuite errors="0" failures="2" hostname="quleideMacBook-Pro.local" id="1" name="gettenantlinkinfoTest" package="ErrorMsg" skipped="0" tests="9" time="3.481" timestamp="2017-07-06T09:41:11">
      <properties>
[...]
</properties>

      <testcase classname="ErrorMsg.gettenantlinkinfoTest" name="VerifyResponse[0]" time="2.078" />

      <testcase classname="ErrorMsg.gettenantlinkinfoTest" name="VerifyResponse[1]" time="0.197" />

      <testcase classname="ErrorMsg.gettenantlinkinfoTest" name="VerifyResponse[2]" time="0.178" />

      <testcase classname="ErrorMsg.gettenantlinkinfoTest" name="VerifyResponse[3]" time="0.154" />

      <testcase classname="ErrorMsg.gettenantlinkinfoTest" name="VerifyResponse[4]" time="0.203" />

      <testcase classname="ErrorMsg.gettenantlinkinfoTest" name="VerifyResponse[5]" time="0.163">
          <failure message="&#xa;Expected: &lt;1002&gt;&#xa;     but: was &lt;0&gt;" type="junit.framework.AssertionFailedError">junit.framework.AssertionFailedError: 
Expected: &lt;1002&gt;
     but: was &lt;0&gt;
	at org.hamcrest.MatcherAssert.assertThat(MatcherAssert.java:20)
	at ErrorMsg.gettenantlinkinfoTest.VerifyResponse(Unknown Source)
</failure>

      </testcase>

      <testcase classname="ErrorMsg.gettenantlinkinfoTest" name="VerifyResponse[6]" time="0.163">
          <failure message="&#xa;Expected: &lt;1002&gt;&#xa;     but: was &lt;0&gt;" type="junit.framework.AssertionFailedError">junit.framework.AssertionFailedError: 
Expected: &lt;1002&gt;
     but: was &lt;0&gt;
	at org.hamcrest.MatcherAssert.assertThat(MatcherAssert.java:20)
	at ErrorMsg.gettenantlinkinfoTest.VerifyResponse(Unknown Source)
</failure>

      </testcase>

      <testcase classname="ErrorMsg.gettenantlinkinfoTest" name="VerifyResponse[7]" time="0.172" />

      <testcase classname="ErrorMsg.gettenantlinkinfoTest" name="VerifyResponse[8]" time="0.157" />

      <system-out><![CDATA[0行0 列 is String type
0行1 列 is String type
0行2 列 is String type
0行3 列 is String type
0行4 列 is String type
0行5 列 is String type
0行6 列 is String type
1行0 列 is Number type ; DateFormt:1.00
1行1 列 is String type
1行2 列 is String type
1行4 列 is Number type ; DateFormt:200.00
1行5 列 is Number type ; DateFormt:0.00
1行6 列 is String type
2行0 列 is Number type ; DateFormt:2.00
2行1 列 is String type
2行2 列 is String type
2行3 列 is String type
2行4 列 is Number type ; DateFormt:200.00
2行5 列 is Number type ; DateFormt:1001.00
2行6 列 is String type
3行0 列 is Number type ; DateFormt:3.00
3行1 列 is String type
3行2 列 is String type
3行3 列 is String type
3行4 列 is Number type ; DateFormt:200.00
3行5 列 is Number type ; DateFormt:1001.00
3行6 列 is String type
4行0 列 is Number type ; DateFormt:4.00
4行1 列 is String type
4行2 列 is String type
4行4 列 is Number type ; DateFormt:200.00
4行5 列 is Number type ; DateFormt:1001.00
4行6 列 is String type
5行0 列 is Number type ; DateFormt:5.00
5行1 列 is String type
5行2 列 is String type
5行4 列 is Number type ; DateFormt:200.00
5行5 列 is Number type ; DateFormt:1002.00
5行6 列 is String type
6行0 列 is Number type ; DateFormt:6.00
6行1 列 is String type
6行2 列 is String type
6行4 列 is Number type ; DateFormt:200.00
6行5 列 is Number type ; DateFormt:1002.00
6行6 列 is String type
7行0 列 is Number type ; DateFormt:7.00
7行1 列 is String type
7行2 列 is String type
7行4 列 is Number type ; DateFormt:200.00
7行5 列 is Number type ; DateFormt:1002.00
7行6 列 is String type
8行0 列 is Number type ; DateFormt:8.00
8行1 列 is String type
8行2 列 is String type
8行4 列 is Number type ; DateFormt:200.00
8行5 列 is Number type ; DateFormt:1004.00
8行6 列 is String type
9行0 列 is Number type ; DateFormt:9.00
9行1 列 is String type
9行2 列 is String type
9行4 列 is Number type ; DateFormt:200.00
9行5 列 is Number type ; DateFormt:1004.00
9行6 列 is String type
]]></system-out>

      <system-err><![CDATA[ERROR StatusLogger No log4j2 configuration file found. Using default configuration: logging only errors to the console. Set system property 'org.apache.logging.log4j.simplelog.StatusLogger.level' to TRACE to show Log4j2 internal initialization logging.
]]></system-err>

  </testsuite>
  <testsuite errors="0" failures="2" hostname="quleideMacBook-Pro.local" id="2" name="gettenantsTest" package="ErrorMsg" skipped="0" tests="9" time="3.435" timestamp="2017-07-06T09:41:15">
      <properties>
[...]
</properties>

      <testcase classname="ErrorMsg.gettenantsTest" name="VerifyResponse[0]" time="1.919" />

      <testcase classname="ErrorMsg.gettenantsTest" name="VerifyResponse[1]" time="0.189" />

      <testcase classname="ErrorMsg.gettenantsTest" name="VerifyResponse[2]" time="0.165" />

      <testcase classname="ErrorMsg.gettenantsTest" name="VerifyResponse[3]" time="0.231" />

      <testcase classname="ErrorMsg.gettenantsTest" name="VerifyResponse[4]" time="0.186" />

      <testcase classname="ErrorMsg.gettenantsTest" name="VerifyResponse[5]" time="0.196">
          <failure message="&#xa;Expected: &lt;1002&gt;&#xa;     but: was &lt;0&gt;" type="junit.framework.AssertionFailedError">junit.framework.AssertionFailedError: 
Expected: &lt;1002&gt;
     but: was &lt;0&gt;
	at org.hamcrest.MatcherAssert.assertThat(MatcherAssert.java:20)
	at ErrorMsg.gettenantsTest.VerifyResponse(Unknown Source)
</failure>

      </testcase>

      <testcase classname="ErrorMsg.gettenantsTest" name="VerifyResponse[6]" time="0.22">
          <failure message="&#xa;Expected: &lt;1002&gt;&#xa;     but: was &lt;0&gt;" type="junit.framework.AssertionFailedError">junit.framework.AssertionFailedError: 
Expected: &lt;1002&gt;
     but: was &lt;0&gt;
	at org.hamcrest.MatcherAssert.assertThat(MatcherAssert.java:20)
	at ErrorMsg.gettenantsTest.VerifyResponse(Unknown Source)
</failure>

      </testcase>

      <testcase classname="ErrorMsg.gettenantsTest" name="VerifyResponse[7]" time="0.16" />

      <testcase classname="ErrorMsg.gettenantsTest" name="VerifyResponse[8]" time="0.149" />

      <system-out><![CDATA[0行0 列 is String type
0行1 列 is String type
0行2 列 is String type
0行3 列 is String type
0行4 列 is String type
0行5 列 is String type
0行6 列 is String type
1行0 列 is Number type ; DateFormt:1.00
1行1 列 is String type
1行2 列 is String type
1行4 列 is Number type ; DateFormt:200.00
1行5 列 is Number type ; DateFormt:0.00
1行6 列 is String type
2行0 列 is Number type ; DateFormt:2.00
2行1 列 is String type
2行2 列 is String type
2行3 列 is String type
2行4 列 is Number type ; DateFormt:200.00
2行5 列 is Number type ; DateFormt:1001.00
2行6 列 is String type
3行0 列 is Number type ; DateFormt:3.00
3行1 列 is String type
3行2 列 is String type
3行3 列 is String type
3行4 列 is Number type ; DateFormt:200.00
3行5 列 is Number type ; DateFormt:1001.00
3行6 列 is String type
4行0 列 is Number type ; DateFormt:4.00
4行1 列 is String type
4行2 列 is String type
4行4 列 is Number type ; DateFormt:200.00
4行5 列 is Number type ; DateFormt:1001.00
4行6 列 is String type
5行0 列 is Number type ; DateFormt:5.00
5行1 列 is String type
5行2 列 is String type
5行4 列 is Number type ; DateFormt:200.00
5行5 列 is Number type ; DateFormt:1002.00
5行6 列 is String type
6行0 列 is Number type ; DateFormt:6.00
6行1 列 is String type
6行2 列 is String type
6行4 列 is Number type ; DateFormt:200.00
6行5 列 is Number type ; DateFormt:1002.00
6行6 列 is String type
7行0 列 is Number type ; DateFormt:7.00
7行1 列 is String type
7行2 列 is String type
7行4 列 is Number type ; DateFormt:200.00
7行5 列 is Number type ; DateFormt:1002.00
7行6 列 is String type
8行0 列 is Number type ; DateFormt:8.00
8行1 列 is String type
8行2 列 is String type
8行4 列 is Number type ; DateFormt:200.00
8行5 列 is Number type ; DateFormt:1004.00
8行6 列 is String type
9行0 列 is Number type ; DateFormt:9.00
9行1 列 is String type
9行2 列 is String type
9行4 列 is Number type ; DateFormt:200.00
9行5 列 is Number type ; DateFormt:1004.00
9行6 列 is String type
]]></system-out>

      <system-err><![CDATA[ERROR StatusLogger No log4j2 configuration file found. Using default configuration: logging only errors to the console. Set system property 'org.apache.logging.log4j.simplelog.StatusLogger.level' to TRACE to show Log4j2 internal initialization logging.
]]></system-err>

  </testsuite>
</testsuites>
