<?xml version="1.0" encoding="UTF-8" ?>
<testsuite errors="0" failures="2" hostname="quleideMacBook-Pro.local" name="ErrorMsg.gettenantsTest" skipped="0" tests="9" time="3.435" timestamp="2017-07-06T09:41:15">
  <properties>
[...]
</properties>
  <testcase classname="ErrorMsg.gettenantsTest" name="VerifyResponse[0]" time="1.919" />
  <testcase classname="ErrorMsg.gettenantsTest" name="VerifyResponse[1]" time="0.189" />
  <testcase classname="ErrorMsg.gettenantsTest" name="VerifyResponse[2]" time="0.165" />
  <testcase classname="ErrorMsg.gettenantsTest" name="VerifyResponse[3]" time="0.231" />
  <testcase classname="ErrorMsg.gettenantsTest" name="VerifyResponse[4]" time="0.186" />
  <testcase classname="ErrorMsg.gettenantsTest" name="VerifyResponse[5]" time="0.196">
    <failure message="&#xa;Expected: &lt;1002&gt;&#xa;     but: was &lt;0&gt;" type="junit.framework.AssertionFailedError">junit.framework.AssertionFailedError: 
Expected: &lt;1002&gt;
     but: was &lt;0&gt;
	at org.hamcrest.MatcherAssert.assertThat(MatcherAssert.java:20)
	at ErrorMsg.gettenantsTest.VerifyResponse(Unknown Source)
</failure>
  </testcase>
  <testcase classname="ErrorMsg.gettenantsTest" name="VerifyResponse[6]" time="0.22">
    <failure message="&#xa;Expected: &lt;1002&gt;&#xa;     but: was &lt;0&gt;" type="junit.framework.AssertionFailedError">junit.framework.AssertionFailedError: 
Expected: &lt;1002&gt;
     but: was &lt;0&gt;
	at org.hamcrest.MatcherAssert.assertThat(MatcherAssert.java:20)
	at ErrorMsg.gettenantsTest.VerifyResponse(Unknown Source)
</failure>
  </testcase>
  <testcase classname="ErrorMsg.gettenantsTest" name="VerifyResponse[7]" time="0.16" />
  <testcase classname="ErrorMsg.gettenantsTest" name="VerifyResponse[8]" time="0.149" />
  <system-out><![CDATA[0行0 列 is String type
0行1 列 is String type
0行2 列 is String type
0行3 列 is String type
0行4 列 is String type
0行5 列 is String type
0行6 列 is String type
1行0 列 is Number type ; DateFormt:1.00
1行1 列 is String type
1行2 列 is String type
1行4 列 is Number type ; DateFormt:200.00
1行5 列 is Number type ; DateFormt:0.00
1行6 列 is String type
2行0 列 is Number type ; DateFormt:2.00
2行1 列 is String type
2行2 列 is String type
2行3 列 is String type
2行4 列 is Number type ; DateFormt:200.00
2行5 列 is Number type ; DateFormt:1001.00
2行6 列 is String type
3行0 列 is Number type ; DateFormt:3.00
3行1 列 is String type
3行2 列 is String type
3行3 列 is String type
3行4 列 is Number type ; DateFormt:200.00
3行5 列 is Number type ; DateFormt:1001.00
3行6 列 is String type
4行0 列 is Number type ; DateFormt:4.00
4行1 列 is String type
4行2 列 is String type
4行4 列 is Number type ; DateFormt:200.00
4行5 列 is Number type ; DateFormt:1001.00
4行6 列 is String type
5行0 列 is Number type ; DateFormt:5.00
5行1 列 is String type
5行2 列 is String type
5行4 列 is Number type ; DateFormt:200.00
5行5 列 is Number type ; DateFormt:1002.00
5行6 列 is String type
6行0 列 is Number type ; DateFormt:6.00
6行1 列 is String type
6行2 列 is String type
6行4 列 is Number type ; DateFormt:200.00
6行5 列 is Number type ; DateFormt:1002.00
6行6 列 is String type
7行0 列 is Number type ; DateFormt:7.00
7行1 列 is String type
7行2 列 is String type
7行4 列 is Number type ; DateFormt:200.00
7行5 列 is Number type ; DateFormt:1002.00
7行6 列 is String type
8行0 列 is Number type ; DateFormt:8.00
8行1 列 is String type
8行2 列 is String type
8行4 列 is Number type ; DateFormt:200.00
8行5 列 is Number type ; DateFormt:1004.00
8行6 列 is String type
9行0 列 is Number type ; DateFormt:9.00
9行1 列 is String type
9行2 列 is String type
9行4 列 is Number type ; DateFormt:200.00
9行5 列 is Number type ; DateFormt:1004.00
9行6 列 is String type
]]></system-out>
  <system-err><![CDATA[ERROR StatusLogger No log4j2 configuration file found. Using default configuration: logging only errors to the console. Set system property 'org.apache.logging.log4j.simplelog.StatusLogger.level' to TRACE to show Log4j2 internal initialization logging.
]]></system-err>
</testsuite>
